<?xml version="1.0" encoding="UTF-8"?>
<coverage generated="1741363161908" clover="3.2.0">
  <project timestamp="1741363161908" name="All files">
    <metrics statements="29" coveredstatements="22" conditionals="0" coveredconditionals="0" methods="13" coveredmethods="10" elements="42" coveredelements="32" complexity="0" loc="29" ncloc="29" packages="2" files="8" classes="8"/>
    <package name="src">
      <metrics statements="28" coveredstatements="21" conditionals="0" coveredconditionals="0" methods="13" coveredmethods="10"/>
      <file name="App.jsx" path="/Users/chrisminnick/Library/CloudStorage/Dropbox/WebAge/202502 Travelers EDP/Week 2/EventCourseFile-1739978809-WA3236-LabFiles1-5/DuckFace/client/src/App.jsx">
        <metrics statements="11" coveredstatements="9" conditionals="0" coveredconditionals="0" methods="4" coveredmethods="3"/>
        <line num="9" count="3" type="stmt"/>
        <line num="10" count="3" type="stmt"/>
        <line num="11" count="2" type="stmt"/>
        <line num="12" count="2" type="stmt"/>
        <line num="13" count="1" type="stmt"/>
        <line num="14" count="1" type="stmt"/>
        <line num="16" count="2" type="stmt"/>
        <line num="19" count="3" type="stmt"/>
        <line num="20" count="0" type="stmt"/>
        <line num="27" count="0" type="stmt"/>
        <line num="30" count="3" type="stmt"/>
      </file>
      <file name="Footer.jsx" path="/Users/chrisminnick/Library/CloudStorage/Dropbox/WebAge/202502 Travelers EDP/Week 2/EventCourseFile-1739978809-WA3236-LabFiles1-5/DuckFace/client/src/Footer.jsx">
        <metrics statements="2" coveredstatements="2" conditionals="0" coveredconditionals="0" methods="1" coveredmethods="1"/>
        <line num="2" count="3" type="stmt"/>
        <line num="7" count="3" type="stmt"/>
      </file>
      <file name="Header.jsx" path="/Users/chrisminnick/Library/CloudStorage/Dropbox/WebAge/202502 Travelers EDP/Week 2/EventCourseFile-1739978809-WA3236-LabFiles1-5/DuckFace/client/src/Header.jsx">
        <metrics statements="1" coveredstatements="1" conditionals="0" coveredconditionals="0" methods="1" coveredmethods="1"/>
        <line num="2" count="3" type="stmt"/>
      </file>
      <file name="LoginForm.jsx" path="/Users/chrisminnick/Library/CloudStorage/Dropbox/WebAge/202502 Travelers EDP/Week 2/EventCourseFile-1739978809-WA3236-LabFiles1-5/DuckFace/client/src/LoginForm.jsx">
        <metrics statements="2" coveredstatements="2" conditionals="0" coveredconditionals="0" methods="1" coveredmethods="1"/>
        <line num="5" count="3" type="stmt"/>
        <line num="7" count="3" type="stmt"/>
      </file>
      <file name="NewQuackForm.jsx" path="/Users/chrisminnick/Library/CloudStorage/Dropbox/WebAge/202502 Travelers EDP/Week 2/EventCourseFile-1739978809-WA3236-LabFiles1-5/DuckFace/client/src/NewQuackForm.jsx">
        <metrics statements="7" coveredstatements="2" conditionals="0" coveredconditionals="0" methods="3" coveredmethods="1"/>
        <line num="4" count="3" type="stmt"/>
        <line num="7" count="0" type="stmt"/>
        <line num="8" count="0" type="stmt"/>
        <line num="12" count="0" type="stmt"/>
        <line num="14" count="0" type="stmt"/>
        <line num="17" count="3" type="stmt"/>
        <line num="21" count="0" type="stmt"/>
      </file>
      <file name="QuackFeed.jsx" path="/Users/chrisminnick/Library/CloudStorage/Dropbox/WebAge/202502 Travelers EDP/Week 2/EventCourseFile-1739978809-WA3236-LabFiles1-5/DuckFace/client/src/QuackFeed.jsx">
        <metrics statements="3" coveredstatements="3" conditionals="0" coveredconditionals="0" methods="2" coveredmethods="2"/>
        <line num="5" count="3" type="stmt"/>
        <line num="6" count="1" type="stmt"/>
        <line num="13" count="3" type="stmt"/>
      </file>
      <file name="SingleQuack.jsx" path="/Users/chrisminnick/Library/CloudStorage/Dropbox/WebAge/202502 Travelers EDP/Week 2/EventCourseFile-1739978809-WA3236-LabFiles1-5/DuckFace/client/src/SingleQuack.jsx">
        <metrics statements="2" coveredstatements="2" conditionals="0" coveredconditionals="0" methods="1" coveredmethods="1"/>
        <line num="4" count="2" type="stmt"/>
        <line num="10" count="2" type="stmt"/>
      </file>
    </package>
    <package name="src.context">
      <metrics statements="1" coveredstatements="1" conditionals="0" coveredconditionals="0" methods="0" coveredmethods="0"/>
      <file name="userPrefs.jsx" path="/Users/chrisminnick/Library/CloudStorage/Dropbox/WebAge/202502 Travelers EDP/Week 2/EventCourseFile-1739978809-WA3236-LabFiles1-5/DuckFace/client/src/context/userPrefs.jsx">
        <metrics statements="1" coveredstatements="1" conditionals="0" coveredconditionals="0" methods="0" coveredmethods="0"/>
        <line num="2" count="1" type="stmt"/>
      </file>
    </package>
  </project>
</coverage>
