{"/Users/chrisminnick/Library/CloudStorage/Dropbox/WebAge/202502 Travelers EDP/Week 2/EventCourseFile-1739978809-WA3236-LabFiles1-5/DuckFace/client/src/App.jsx": {"path":"/Users/chrisminnick/Library/CloudStorage/Dropbox/WebAge/202502 Travelers EDP/Week 2/EventCourseFile-1739978809-WA3236-LabFiles1-5/DuckFace/client/src/App.jsx","statementMap":{"0":{"start":{"line":9,"column":30},"end":{"line":9,"column":42}},"1":{"start":{"line":10,"column":2},"end":{"line":17,"column":9}},"2":{"start":{"line":11,"column":24},"end":{"line":15,"column":5}},"3":{"start":{"line":12,"column":23},"end":{"line":12,"column":70}},"4":{"start":{"line":13,"column":19},"end":{"line":13,"column":40}},"5":{"start":{"line":14,"column":6},"end":{"line":14,"column":22}},"6":{"start":{"line":16,"column":4},"end":{"line":16,"column":18}},"7":{"start":{"line":19,"column":19},"end":{"line":28,"column":3}},"8":{"start":{"line":20,"column":21},"end":{"line":26,"column":6}},"9":{"start":{"line":27,"column":4},"end":{"line":27,"column":37}},"10":{"start":{"line":30,"column":2},"end":{"line":44,"column":4}}},"fnMap":{"0":{"name":"App","decl":{"start":{"line":8,"column":9},"end":{"line":8,"column":12}},"loc":{"start":{"line":8,"column":15},"end":{"line":45,"column":1}},"line":8},"1":{"name":"(anonymous_1)","decl":{"start":{"line":10,"column":12},"end":{"line":10,"column":13}},"loc":{"start":{"line":10,"column":18},"end":{"line":17,"column":3}},"line":10},"2":{"name":"(anonymous_2)","decl":{"start":{"line":11,"column":24},"end":{"line":11,"column":25}},"loc":{"start":{"line":11,"column":42},"end":{"line":15,"column":5}},"line":11},"3":{"name":"(anonymous_3)","decl":{"start":{"line":19,"column":19},"end":{"line":19,"column":20}},"loc":{"start":{"line":19,"column":45},"end":{"line":28,"column":3}},"line":19}},"branchMap":{},"s":{"0":3,"1":3,"2":2,"3":2,"4":1,"5":1,"6":2,"7":3,"8":0,"9":0,"10":3},"f":{"0":3,"1":2,"2":2,"3":0},"b":{},"_coverageSchema":"1a1c01bbd47fc00a2c39e90264f33305004495a9","hash":"cf7f24352122106b43713c38c7a0b382eec4acf4"}
,"/Users/chrisminnick/Library/CloudStorage/Dropbox/WebAge/202502 Travelers EDP/Week 2/EventCourseFile-1739978809-WA3236-LabFiles1-5/DuckFace/client/src/Footer.jsx": {"path":"/Users/chrisminnick/Library/CloudStorage/Dropbox/WebAge/202502 Travelers EDP/Week 2/EventCourseFile-1739978809-WA3236-LabFiles1-5/DuckFace/client/src/Footer.jsx","statementMap":{"0":{"start":{"line":2,"column":22},"end":{"line":6,"column":3}},"1":{"start":{"line":7,"column":2},"end":{"line":7,"column":51}}},"fnMap":{"0":{"name":"Footer","decl":{"start":{"line":1,"column":9},"end":{"line":1,"column":15}},"loc":{"start":{"line":1,"column":23},"end":{"line":8,"column":1}},"line":1}},"branchMap":{},"s":{"0":3,"1":3},"f":{"0":3},"b":{},"_coverageSchema":"1a1c01bbd47fc00a2c39e90264f33305004495a9","hash":"04be6b2fa2f50504a6a60d67ddde13225b9e6746"}
,"/Users/chrisminnick/Library/CloudStorage/Dropbox/WebAge/202502 Travelers EDP/Week 2/EventCourseFile-1739978809-WA3236-LabFiles1-5/DuckFace/client/src/Header.jsx": {"path":"/Users/chrisminnick/Library/CloudStorage/Dropbox/WebAge/202502 Travelers EDP/Week 2/EventCourseFile-1739978809-WA3236-LabFiles1-5/DuckFace/client/src/Header.jsx","statementMap":{"0":{"start":{"line":2,"column":2},"end":{"line":6,"column":4}}},"fnMap":{"0":{"name":"Header","decl":{"start":{"line":1,"column":9},"end":{"line":1,"column":15}},"loc":{"start":{"line":1,"column":23},"end":{"line":7,"column":1}},"line":1}},"branchMap":{},"s":{"0":3},"f":{"0":3},"b":{},"_coverageSchema":"1a1c01bbd47fc00a2c39e90264f33305004495a9","hash":"3694dc2072811088d3c7b6a1e0df92c189c93443"}
,"/Users/chrisminnick/Library/CloudStorage/Dropbox/WebAge/202502 Travelers EDP/Week 2/EventCourseFile-1739978809-WA3236-LabFiles1-5/DuckFace/client/src/LoginForm.jsx": {"path":"/Users/chrisminnick/Library/CloudStorage/Dropbox/WebAge/202502 Travelers EDP/Week 2/EventCourseFile-1739978809-WA3236-LabFiles1-5/DuckFace/client/src/LoginForm.jsx","statementMap":{"0":{"start":{"line":5,"column":16},"end":{"line":5,"column":37}},"1":{"start":{"line":7,"column":2},"end":{"line":7,"column":46}}},"fnMap":{"0":{"name":"LoginForm","decl":{"start":{"line":4,"column":9},"end":{"line":4,"column":18}},"loc":{"start":{"line":4,"column":26},"end":{"line":8,"column":1}},"line":4}},"branchMap":{},"s":{"0":3,"1":3},"f":{"0":3},"b":{},"_coverageSchema":"1a1c01bbd47fc00a2c39e90264f33305004495a9","hash":"3490fa772c2678a5482456606b40171657af2b40"}
,"/Users/chrisminnick/Library/CloudStorage/Dropbox/WebAge/202502 Travelers EDP/Week 2/EventCourseFile-1739978809-WA3236-LabFiles1-5/DuckFace/client/src/NewQuackForm.jsx": {"path":"/Users/chrisminnick/Library/CloudStorage/Dropbox/WebAge/202502 Travelers EDP/Week 2/EventCourseFile-1739978809-WA3236-LabFiles1-5/DuckFace/client/src/NewQuackForm.jsx","statementMap":{"0":{"start":{"line":4,"column":38},"end":{"line":4,"column":50}},"1":{"start":{"line":7,"column":4},"end":{"line":7,"column":23}},"2":{"start":{"line":8,"column":4},"end":{"line":11,"column":7}},"3":{"start":{"line":12,"column":4},"end":{"line":12,"column":22}},"4":{"start":{"line":14,"column":4},"end":{"line":14,"column":24}},"5":{"start":{"line":17,"column":2},"end":{"line":27,"column":4}},"6":{"start":{"line":21,"column":25},"end":{"line":21,"column":54}}},"fnMap":{"0":{"name":"NewQuackForm","decl":{"start":{"line":3,"column":9},"end":{"line":3,"column":21}},"loc":{"start":{"line":3,"column":29},"end":{"line":28,"column":1}},"line":3},"1":{"name":"handleSubmit","decl":{"start":{"line":6,"column":11},"end":{"line":6,"column":23}},"loc":{"start":{"line":6,"column":27},"end":{"line":15,"column":3}},"line":6},"2":{"name":"(anonymous_2)","decl":{"start":{"line":21,"column":18},"end":{"line":21,"column":19}},"loc":{"start":{"line":21,"column":25},"end":{"line":21,"column":54}},"line":21}},"branchMap":{},"s":{"0":3,"1":0,"2":0,"3":0,"4":0,"5":3,"6":0},"f":{"0":3,"1":0,"2":0},"b":{},"_coverageSchema":"1a1c01bbd47fc00a2c39e90264f33305004495a9","hash":"37615093bd890960a928016c803d1f8e87eca736"}
,"/Users/chrisminnick/Library/CloudStorage/Dropbox/WebAge/202502 Travelers EDP/Week 2/EventCourseFile-1739978809-WA3236-LabFiles1-5/DuckFace/client/src/QuackFeed.jsx": {"path":"/Users/chrisminnick/Library/CloudStorage/Dropbox/WebAge/202502 Travelers EDP/Week 2/EventCourseFile-1739978809-WA3236-LabFiles1-5/DuckFace/client/src/QuackFeed.jsx","statementMap":{"0":{"start":{"line":5,"column":20},"end":{"line":11,"column":4}},"1":{"start":{"line":6,"column":4},"end":{"line":10,"column":6}},"2":{"start":{"line":13,"column":2},"end":{"line":13,"column":61}}},"fnMap":{"0":{"name":"QuackFeed","decl":{"start":{"line":4,"column":9},"end":{"line":4,"column":18}},"loc":{"start":{"line":4,"column":26},"end":{"line":14,"column":1}},"line":4},"1":{"name":"(anonymous_1)","decl":{"start":{"line":5,"column":37},"end":{"line":5,"column":38}},"loc":{"start":{"line":6,"column":4},"end":{"line":10,"column":6}},"line":6}},"branchMap":{},"s":{"0":3,"1":1,"2":3},"f":{"0":3,"1":1},"b":{},"_coverageSchema":"1a1c01bbd47fc00a2c39e90264f33305004495a9","hash":"a06da66426515f10f54f04fe20031ec6521a865c"}
,"/Users/chrisminnick/Library/CloudStorage/Dropbox/WebAge/202502 Travelers EDP/Week 2/EventCourseFile-1739978809-WA3236-LabFiles1-5/DuckFace/client/src/SingleQuack.jsx": {"path":"/Users/chrisminnick/Library/CloudStorage/Dropbox/WebAge/202502 Travelers EDP/Week 2/EventCourseFile-1739978809-WA3236-LabFiles1-5/DuckFace/client/src/SingleQuack.jsx","statementMap":{"0":{"start":{"line":4,"column":21},"end":{"line":9,"column":3}},"1":{"start":{"line":10,"column":2},"end":{"line":16,"column":4}}},"fnMap":{"0":{"name":"SingleQuack","decl":{"start":{"line":3,"column":9},"end":{"line":3,"column":20}},"loc":{"start":{"line":3,"column":28},"end":{"line":17,"column":1}},"line":3}},"branchMap":{},"s":{"0":2,"1":2},"f":{"0":2},"b":{},"_coverageSchema":"1a1c01bbd47fc00a2c39e90264f33305004495a9","hash":"fe299dd5134dd45dcfbba4bf1fb831d2ca33c339"}
,"/Users/chrisminnick/Library/CloudStorage/Dropbox/WebAge/202502 Travelers EDP/Week 2/EventCourseFile-1739978809-WA3236-LabFiles1-5/DuckFace/client/src/context/userPrefs.jsx": {"path":"/Users/chrisminnick/Library/CloudStorage/Dropbox/WebAge/202502 Travelers EDP/Week 2/EventCourseFile-1739978809-WA3236-LabFiles1-5/DuckFace/client/src/context/userPrefs.jsx","statementMap":{"0":{"start":{"line":2,"column":25},"end":{"line":2,"column":57}}},"fnMap":{},"branchMap":{},"s":{"0":1},"f":{},"b":{},"_coverageSchema":"1a1c01bbd47fc00a2c39e90264f33305004495a9","hash":"af3a98e70d476567325fc1d8444659bb7550b894"}
}
