TN:
SF:src/App.jsx
FN:8,App
FN:10,(anonymous_1)
FN:11,(anonymous_2)
FN:19,(anonymous_3)
FNF:4
FNH:3
FNDA:3,App
FNDA:2,(anonymous_1)
FNDA:2,(anonymous_2)
FNDA:0,(anonymous_3)
DA:9,3
DA:10,3
DA:11,2
DA:12,2
DA:13,1
DA:14,1
DA:16,2
DA:19,3
DA:20,0
DA:27,0
DA:30,3
LF:11
LH:9
BRF:0
BRH:0
end_of_record
TN:
SF:src/Footer.jsx
FN:1,Footer
FNF:1
FNH:1
FNDA:3,Footer
DA:2,3
DA:7,3
LF:2
LH:2
BRF:0
BRH:0
end_of_record
TN:
SF:src/Header.jsx
FN:1,Header
FNF:1
FNH:1
FNDA:3,Header
DA:2,3
LF:1
LH:1
BRF:0
BRH:0
end_of_record
TN:
SF:src/LoginForm.jsx
FN:4,LoginForm
FNF:1
FNH:1
FNDA:3,LoginForm
DA:5,3
DA:7,3
LF:2
LH:2
BRF:0
BRH:0
end_of_record
TN:
SF:src/NewQuackForm.jsx
FN:3,NewQuackForm
FN:6,handleSubmit
FN:21,(anonymous_2)
FNF:3
FNH:1
FNDA:3,NewQuackForm
FNDA:0,handleSubmit
FNDA:0,(anonymous_2)
DA:4,3
DA:7,0
DA:8,0
DA:12,0
DA:14,0
DA:17,3
DA:21,0
LF:7
LH:2
BRF:0
BRH:0
end_of_record
TN:
SF:src/QuackFeed.jsx
FN:4,QuackFeed
FN:5,(anonymous_1)
FNF:2
FNH:2
FNDA:3,QuackFeed
FNDA:1,(anonymous_1)
DA:5,3
DA:6,1
DA:13,3
LF:3
LH:3
BRF:0
BRH:0
end_of_record
TN:
SF:src/SingleQuack.jsx
FN:3,SingleQuack
FNF:1
FNH:1
FNDA:2,SingleQuack
DA:4,2
DA:10,2
LF:2
LH:2
BRF:0
BRH:0
end_of_record
TN:
SF:src/context/userPrefs.jsx
FNF:0
FNH:0
DA:2,1
LF:1
LH:1
BRF:0
BRH:0
end_of_record
